------------------------------------------------------------------------------------------------------------------
      name:  <unnamed>
       log:  C:\Users\admin\Desktop\interest_parity_theory_model\interest_parity_theory_model.log
  log type:  text
 opened on:  20 Jul 2019, 00:23:04

. 
. python:
----------------------------------------------- python (type end to exit) ----------------------------------------
>>> 
>>> import pandas
>>> import datetime
>>> import numpy
>>> from sfi import Data
>>> 
>>> # read data files and calculate factors
>>> spot_exchange_rate_frame = pandas.read_csv("C:\\Users\\admin\\Desktop\\interest_parity_theory_model\\spot_exch
> ange_rate_GBP-USD.csv")
>>> libor_GBP_frame = pandas.read_csv("C:\\Users\\admin\\Desktop\\interest_parity_theory_model\\LIBOR_GBP_Monthly.
> csv")
>>> libor_GBP_frame["Libor_GBP"] = libor_GBP_frame["Libor_GBP"].apply(lambda x: 1+(x/100))
>>> libor_USD_frame = pandas.read_csv("C:\\Users\\admin\\Desktop\\interest_parity_theory_model\\LIBOR_USD_Monthly.
> csv")
>>> libor_USD_frame["Libor_USD"] = libor_USD_frame["Libor_USD"].apply(lambda x: 1+(x/100))
>>> factors_dependents_frame = pandas.merge(spot_exchange_rate_frame, libor_GBP_frame, on="Date")
>>> factors_dependents_frame = pandas.merge(factors_dependents_frame, libor_USD_frame, on="Date")
>>> factors_dependents_frame["Date"] = [datetime.datetime.strptime(date_string,"%m/%d/%Y")for date_string in list(
> factors_dependents_frame["Date"])]
>>> factors_dependents_frame["Date"] = [str(datetime_date.year) + "/" + str(datetime_date.month) for datetime_date
>  in list(factors_dependents_frame["Date"])]
>>> factors_dependents_frame = factors_dependents_frame.groupby("Date").mean()
>>> 
>>> future_exchange_rate_frame = pandas.read_excel("C:\\Users\\admin\\Desktop\\interest_parity_theory_model\\futur
> e_exchange_rate_GBP-USD.xlsx", sheet_name="monthly")[["Date", "United Kingdom"]]
>>> future_exchange_rate_frame["United Kingdom"] = future_exchange_rate_frame["United Kingdom"].apply(lambda x: 1/
> x)
>>> future_exchange_rate_frame["Date"] = [datetime.datetime.strptime(date_string,"%Ym%m")for date_string in list(f
> uture_exchange_rate_frame["Date"])]
>>> future_exchange_rate_frame["Date"] = [str(datetime_date.year) + "/" + str(datetime_date.month) for datetime_da
> te in list(future_exchange_rate_frame["Date"])]
>>> 
>>> factors_dependents_frame = pandas.merge(factors_dependents_frame, future_exchange_rate_frame, on="Date")
>>> factors_dependents_frame = factors_dependents_frame.iloc[[i for i in range(len(factors_dependents_frame.index)
> ) if factors_dependents_frame["Date"].iloc[i].split("/")[0]>="1990"]]
>>> factors_dependents_frame = factors_dependents_frame.dropna(axis=0, how="any")
>>> factors_dependents_frame = factors_dependents_frame.iloc[[i for i in range(len(factors_dependents_frame.index)
> ) if "NA" not in list(factors_dependents_frame.iloc[i])]]
>>> 
>>> factors_dependents_frame = factors_dependents_frame.set_index("Date")
>>> factors_dependents_frame["y"] = factors_dependents_frame["United Kingdom"] - factors_dependents_frame["GBP/USD
> _spot"]
>>> 
>>> Data.addObs(len(factors_dependents_frame.index))
>>> Data.addVarStr("Date", 7)
>>> Data.addVarFloat("y")
>>> Data.addVarFloat("x1")
>>> Data.addVarFloat("x2")
>>> Data.addVarFloat("y1")
>>> Data.store("Date", None, list(factors_dependents_frame.reset_index("Date")["Date"]))
>>> Data.store("y", None, list(factors_dependents_frame["y"]))
>>> Data.store("x1", None, list(factors_dependents_frame["Libor_GBP"]))
>>> Data.store("x2", None, list(factors_dependents_frame["Libor_USD"]))
>>> Data.store("y1", None, list(factors_dependents_frame["United Kingdom"]))
>>> 
>>> end
------------------------------------------------------------------------------------------------------------------

. 
. * eda
. 
. gen mdate = monthly(Date, "YM")

. tsset mdate, monthly
        time variable:  mdate, 2005m1 to 2017m8
                delta:  1 month

. list mdate y D.y x1 D.x1 x2 D.x2 y1

     +------------------------------------------------------------------------------------------+
     |                               D.                     D.                     D.           |
     |   mdate           y           y         x1          x1         x2          x2         y1 |
     |------------------------------------------------------------------------------------------|
  1. |  2005m1    .0020255           .   1.048365           .   1.024953           .    1.87847 |
  2. |  2005m2    .0008866   -.0011389   1.048405    .0000401   1.026117    .0011634   1.887947 |
  3. |  2005m3   -.0042978   -.0051844   1.048648    .0002426   1.028096    .0019788   1.903478 |
  4. |  2005m4     .000619    .0049168   1.048648           0   1.029663    .0015671   1.896605 |
  5. |  2005m5    .0001058   -.0005132   1.048605   -.0000427   1.030916    .0012535   1.853881 |
     |------------------------------------------------------------------------------------------|
  6. |  2005m6    .0004153    .0003095   1.048436   -.0001686   1.032403    .0014867   1.818311 |
  7. |  2005m7    .0010967    .0006814   1.047424   -.0010126   1.034081    .0016779   1.751982 |
  8. |  2005m8    .0004834   -.0006132   1.045973   -.0014511   1.035936    .0018557    1.79482 |
  9. |  2005m9   -.0008339   -.0013174   1.045968   -4.53e-06   1.037743    .0018069   1.807289 |
 10. | 2005m10    .0009868    .0018207    1.04589   -.0000777   1.039844    .0021007   1.764982 |
     |------------------------------------------------------------------------------------------|
 11. | 2005m11    .0011012    .0001143     1.0459    9.54e-06    1.04145    .0016063   1.735228 |
 12. | 2005m12    -.000617   -.0017182    1.04631      .00041   1.043574    .0021232   1.745548 |
 13. |  2006m1   -.0012578   -.0006408   1.045976   -.0003338   1.044816    .0012419   1.766566 |
 14. |  2006m2    .0010445    .0023023   1.045735   -.0002412   1.045786      .00097   1.748075 |
 15. |  2006m3    .0009105    -.000134    1.04577    .0000346   1.047604    .0018182   1.744437 |
     |------------------------------------------------------------------------------------------|
 16. |  2006m4    .0003557   -.0005547   1.045928    .0001582   1.049189    .0015852    1.76885 |
 17. |  2006m5   -.0011066   -.0014623   1.046533    .0006056   1.050812    .0016227   1.869051 |
 18. |  2006m6    .0001917    .0012983   1.046723    .0001894   1.052537    .0017252   1.843033 |
 19. |  2006m7   -6.90e-06   -.0001986   1.046548   -.0001751   1.053721    .0011846   1.844736 |
 20. |  2006m8   -.0011783   -.0011714   1.048732    .0021842   1.053456   -.0002655   1.893258 |
     |------------------------------------------------------------------------------------------|
 21. |  2006m9    .0010322    .0022104   1.049191    .0004587   1.053284   -.0001724   1.885732 |
 22. | 2006m10    .0009069   -.0001253   1.049614    .0004231   1.053203   -.0000801    1.87643 |
 23. | 2006m11    .0005168   -.0003901   1.051273    .0016592   1.053227    .0000232   1.912371 |
 24. | 2006m12   -.0003729   -.0008897     1.0524    .0011272   1.053474    .0002476   1.962917 |
 25. |  2007m1    .0001141     .000487   1.053409    .0010091   1.053203   -.0002718   1.958764 |
     |------------------------------------------------------------------------------------------|
 26. |  2007m2    .0004225    .0003084    1.05425    .0008409     1.0532   -2.50e-06   1.958472 |
 27. |  2007m3    .0005025      .00008   1.054368    .0001181     1.0532   -3.58e-07   1.947643 |
 28. |  2007m4   -.0031801   -.0036826   1.054763    .0003951     1.0532    3.58e-07   1.987751 |
 29. |  2007m5   -.0001408    .0030393   1.056471    .0017083     1.0532           0   1.983497 |
 30. |  2007m6    .0008902     .001031   1.057176    .0007048     1.0532           0   1.987262 |
     |------------------------------------------------------------------------------------------|
 31. |  2007m7    .0004503   -.0004399     1.0591    .0019238     1.0532           0   2.034278 |
 32. |  2007m8   -.0002515   -.0007018    1.06295      .00385   1.054973    .0017731    2.01083 |
 33. |  2007m9    .0012338    .0014853    1.06491      .00196   1.054983    9.42e-06   2.019684 |
 34. | 2007m10    .0007113   -.0005225   1.060735   -.0041753   1.049814   -.0051683   2.045324 |
 35. | 2007m11    .0008062    .0000948   1.059941   -.0007938   1.047672   -.0021425   2.070861 |
     |------------------------------------------------------------------------------------------|
 36. | 2007m12   -.0040001   -.0048062   1.064658     .004717   1.050285    .0026133   2.014484 |
 37. |  2008m1    .0000431    .0040431   1.056177   -.0084807   1.039095   -.0111904   1.969834 |
 38. |  2008m2    .0001212    .0000781   1.055476   -.0007011   1.031371   -.0077238    1.96395 |
 39. |  2008m3   -.0022741   -.0023953   1.057005    .0015291   1.028066   -.0033051   2.000937 |
 40. |  2008m4   -.0002611     .002013   1.055655   -.0013508   1.027854   -.0002114   1.981403 |
     |------------------------------------------------------------------------------------------|
 41. |  2008m5     .002013    .0022741    1.05452   -.0011345    1.02506   -.0027947   1.966143 |
 42. |  2008m6    .0016341   -.0003789   1.055038    .0005181   1.024703   -.0003562   1.967439 |
 43. |  2008m7    .0017848    .0001506    1.05423   -.0008076   1.024601   -.0001026   1.989737 |
 44. |  2008m8   -.0031779   -.0049627    1.05372   -.0005105   1.024682    .0000809   1.885757 |
 45. |  2008m9    .0006938    .0038717   1.056009    .0022891   1.029259    .0045775   1.799312 |
     |------------------------------------------------------------------------------------------|
 46. | 2008m10   -.0029137   -.0036074     1.0594    .0033909   1.038096    .0088372   1.687069 |
 47. | 2008m11   -.0056743   -.0027607    1.03957     -.01983    1.01621   -.0218862   1.528106 |
 48. | 2008m12   -.0006344    .0050399   1.025586   -.0139842   1.010831    -.005379   1.485304 |
 49. |  2009m1    .0028438    .0034783   1.017367   -.0082191   1.003834   -.0069971   1.448006 |
 50. |  2009m2    .0003947   -.0024491   1.014655   -.0027117   1.004628    .0007938   1.441475 |
     |------------------------------------------------------------------------------------------|
 51. |  2009m3    .0019824    .0015877   1.011809   -.0028459   1.005325     .000697   1.419396 |
 52. |  2009m4    .0012947   -.0006877    1.00921   -.0025991   1.004509   -.0008161    1.47275 |
 53. |  2009m5    .0022614    .0009667   1.007432   -.0017784   1.003416   -.0010924   1.545151 |
 54. |  2009m6    .0011911   -.0010703   1.006655   -.0007771   1.003162   -.0002544   1.637814 |
 55. |  2009m7    .0020162     .000825    1.00603   -.0006241   1.002907   -.0002551   1.638581 |
     |------------------------------------------------------------------------------------------|
 56. |  2009m8   -.0008562   -.0028724    1.00557   -.0004604   1.002704   -.0002029   1.653054 |
 57. |  2009m9   -.0019228   -.0010666   1.005091   -.0004791   1.002473   -.0002307   1.630909 |
 58. | 2009m10   -.0002474    .0016755   1.005086   -4.53e-06   1.002443   -.0000299    1.61963 |
 59. | 2009m11    .0013666     .001614   1.005124    .0000374   1.002378    -.000065   1.661105 |
 60. | 2009m12   -.0020918   -.0034584   1.005114   -9.54e-06   1.002329   -.0000495   1.621765 |
     |------------------------------------------------------------------------------------------|
 61. |  2010m1   -.0003113    .0017804     1.0052    .0000857   1.002316   -.0000132   1.615859 |
 62. |  2010m2    .0006035    .0009148    1.00532    .0001199   1.002292   -.0000238   1.562149 |
 63. |  2010m3    .0006513    .0000478   1.005443    .0001235   1.002373    .0000807   1.505947 |
 64. |  2010m4   -.0002524   -.0009037     1.0055    .0000565   1.002596    .0002239   1.533778 |
 65. |  2010m5   -.0069538   -.0067014   1.005615    .0001154   1.003287    .0006902   1.465169 |
     |------------------------------------------------------------------------------------------|
 66. |  2010m6   -.0287738     -.02182     1.0057    .0000846   1.003471    .0001839    1.47556 |
 67. |  2010m7   -.0006405    .0281332     1.0057           0   1.003337   -.0001335   1.529999 |
 68. |  2010m8   -.0025562   -.0019157    1.00569   -.0000105   1.002762   -.0005752   1.564965 |
 69. |  2010m9   -.0000403    .0025159     1.0057    .0000105    1.00257   -.0001917   1.557395 |
 70. | 2010m10   -.0005017   -.0004614     1.0057           0   1.002561   -9.30e-06   1.585698 |
     |------------------------------------------------------------------------------------------|
 71. | 2010m11   -.0001721    .0003296   1.005719    .0000191   1.002542   -.0000188    1.59498 |
 72. | 2010m12    -.000634   -.0004619   1.005824    .0001048   1.002618    .0000756   1.559676 |
 73. |  2011m1   -.0013396   -.0007056   1.005968    .0001446   1.002606   -.0000116   1.578681 |
 74. |  2011m2    .0008002    .0021398    1.00609    .0001216   1.002629    .0000232   1.613775 |
 75. |  2011m3     -.00011   -.0009102   1.006135    .0000447   1.002533   -.0000964   1.615838 |
     |------------------------------------------------------------------------------------------|
 76. |  2011m4    .0040045    .0041145   1.006217    .0000819   1.002215   -.0003184   1.638477 |
 77. |  2011m5    .0027843   -.0012201   1.006235    .0000184   1.001978   -.0002364   1.634024 |
 78. |  2011m6    .0004049   -.0023794    1.00625     .000015   1.001872   -.0001062   1.621755 |
 79. |  2011m7    .0003523   -.0000526     1.0063    .0000499   1.001867   -4.65e-06   1.615232 |
 80. |  2011m8    .0011383     .000786   1.006455    .0001546   1.002112    .0002443   1.635938 |
     |------------------------------------------------------------------------------------------|
 81. |  2011m9    .0002692   -.0008691   1.006733    .0002787   1.002311    .0001999   1.577036 |
 82. | 2011m10    .0005434    .0002742   1.006955    .0002217   1.002438    .0001261   1.577028 |
 83. | 2011m11   -.0005036    -.001047   1.007277    .0003222   1.002498    .0000601   1.579874 |
 84. | 2011m12    .0004146    .0009182   1.007585    .0003078   1.002836    .0003386    1.55891 |
 85. |  2012m1    .0014142    .0009996   1.007762    .0001769   1.002764   -.0000726   1.552419 |
     |------------------------------------------------------------------------------------------|
 86. |  2012m2     .000664   -.0007502   1.007563   -.0001988   1.002486   -.0002776    1.58059 |
 87. |  2012m3    .0009911     .000327   1.007119   -.0004441   1.002419    -.000067    1.58311 |
 88. |  2012m4   -.0017331   -.0027241     1.0069   -.0002191   1.002398    -.000021   1.600456 |
 89. |  2012m5   -.0009267    .0008064   1.006776   -.0001237    1.00239   -8.11e-06   1.590488 |
 90. |  2012m6   -.0011929   -.0002662   1.006456   -.0003207   1.002431    .0000415   1.556018 |
     |------------------------------------------------------------------------------------------|
 91. |  2012m7    .0010889    .0022818   1.005832   -.0006237   1.002454    .0000224   1.559948 |
 92. |  2012m8    -.000099   -.0011879    1.00545   -.0003818   1.002379   -.0000752   1.571806 |
 93. |  2012m9   -.0014015   -.0013026   1.005221    -.000229   1.002209   -.0001699   1.611393 |
 94. | 2012m10   -.0003019    .0010996   1.005018   -.0002028   1.002123   -.0000859   1.607239 |
 95. | 2012m11    .0002418    .0005437      1.005   -.0000182   1.002089   -.0000336   1.596378 |
     |------------------------------------------------------------------------------------------|
 96. | 2012m12    .0001754   -.0000664   1.004921   -.0000789   1.002109    .0000201   1.614544 |
 97. |  2013m1    .0016669    .0014915     1.0049   -.0000211   1.002042    -.000067   1.597403 |
 98. |  2013m2   -.0016155   -.0032824     1.0049           0   1.001997   -.0000451   1.546204 |
 99. |  2013m3    .0006606    .0022761   1.004915     .000015   1.002035    .0000373   1.508271 |
100. |  2013m4   -.0000975   -.0007581     1.0049    -.000015   1.001996   -.0000385   1.530882 |
     |------------------------------------------------------------------------------------------|
101. |  2013m5    .0013975     .001495     1.0049           0   1.001966   -.0000296   1.528543 |
102. |  2013m6    .0017017    .0003043     1.0049           0   1.001932   -.0000345   1.549487 |
103. |  2013m7    .0001695   -.0015323     1.0049           0   1.001911   -.0000212   1.518679 |
104. |  2013m8   -.0010654   -.0012348    1.00475     -.00015    1.00184   -.0000708   1.550525 |
105. |  2013m9    .0042134    .0052788     1.0049      .00015   1.001794   -.0000459   1.587213 |
     |------------------------------------------------------------------------------------------|
106. | 2013m10    .0008942   -.0033192     1.0049           0   1.001719   -.0000749   1.609119 |
107. | 2013m11    .0012035    .0003093     1.0049           0   1.001673   -.0000465   1.611575 |
108. | 2013m12    .0006396    -.000564     1.0049           0   1.001672   -4.77e-07   1.638155 |
109. |  2014m1   -.0000749   -.0007145   1.004824   -.0000762   1.001597   -.0000753   1.647311 |
110. |  2014m2   -.0047485   -.0046736     1.0048   -.0000238   1.001547   -.0000496   1.656499 |
     |------------------------------------------------------------------------------------------|
111. |  2014m3   -.0006143    .0041343   1.004814    .0000143   1.001549    1.43e-06    1.66159 |
112. |  2014m4   -.0009111   -.0002969   1.004889    .0000746   1.001517   -.0000316   1.674733 |
113. |  2014m5    -.000071    .0008402     1.0049    .0000111   1.001503   -.0000137   1.684066 |
114. |  2014m6    .0011363    .0012073     1.0049           0   1.001524    .0000201   1.691727 |
115. |  2014m7   -.0021909   -.0033272   1.004979    .0000789   1.001541    .0000179   1.707525 |
     |------------------------------------------------------------------------------------------|
116. |  2014m8   -.0003468    .0018441      1.005    .0000211   1.001559    .0000179   1.669828 |
117. |  2014m9    .0000943    .0004411   1.005041    .0000409   1.001542   -.0000169   1.630558 |
118. | 2014m10    .0008171    .0007227    1.00507    .0000287   1.001536   -6.91e-06   1.607621 |
119. | 2014m11   -.0007828   -.0015999    1.00506   -9.66e-06   1.001549    .0000135   1.577262 |
120. | 2014m12   -.0008588    -.000076      1.005     -.00006   1.001631    .0000817   1.563098 |
     |------------------------------------------------------------------------------------------|
121. |  2015m1    .0015786    .0024374   1.005005    4.77e-06   1.001681    .0000508   1.515907 |
122. |  2015m2     .000041   -.0015376    1.00502    .0000153   1.001721    .0000393   1.533406 |
123. |  2015m3    .0009988    .0009578   1.005032    .0000118   1.001757    .0000365   1.496717 |
124. |  2015m4   -.0010653   -.0020641   1.005065    .0000331   1.001807    .0000502   1.495645 |
125. |  2015m5   -.0012391   -.0001738    1.00509    .0000246   1.001842    .0000347   1.545724 |
     |------------------------------------------------------------------------------------------|
126. |  2015m6     .001063    .0023021   1.005095    5.96e-06   1.001859    .0000167   1.557899 |
127. |  2015m7   -.0002049   -.0012679     1.0051    4.53e-06   1.001882    .0000228   1.555834 |
128. |  2015m8    .0038524    .0040574     1.0051           0   1.001967    .0000858   1.562192 |
129. |  2015m9    .0054365    .0015841     1.0051           0   1.002011    .0000434   1.538059 |
130. | 2015m10   -.0009353   -.0063718     1.0051           0   1.001945   -.0000656   1.532983 |
     |------------------------------------------------------------------------------------------|
131. | 2015m11    .0004435    .0013788   1.005086   -.0000143   1.002084    .0001392    1.51942 |
132. | 2015m12   -.0003298   -.0007733   1.005019   -.0000666   1.003528    .0014433   1.497932 |
133. |  2016m1    .0040856    .0044154     1.0051    .0000809   1.004254    .0007267   1.441976 |
134. |  2016m2    .0007164   -.0033692     1.0051           0   1.004313    .0000585   1.430331 |
135. |  2016m3   -.0007044   -.0014208   1.005103    2.62e-06   1.004364     .000051   1.424329 |
     |------------------------------------------------------------------------------------------|
136. |  2016m4    .0000281    .0007325   1.005087   -.0000159   1.004374    .0000101   1.431252 |
137. |  2016m5    .0008874    .0008593   1.005124    .0000373   1.004423    .0000485   1.452732 |
138. |  2016m6   -.0021524   -.0030398    1.00509   -.0000342   1.004527    .0001048   1.418748 |
139. |  2016m7    .0003798    .0025322   1.004695   -.0003947   1.004829    .0003014   1.314456 |
140. |  2016m8    .0001667   -.0002131   1.003012   -.0016831   1.005122    .0002936   1.310171 |
     |------------------------------------------------------------------------------------------|
141. |  2016m9    .0006023    .0004356   1.002685   -.0003269    1.00527    .0001476   1.314807 |
142. | 2016m10    .0010787    .0004764   1.002655   -.0000303   1.005308    .0000379   1.234007 |
143. | 2016m11   -.0001384   -.0012171   1.002631   -.0000243   1.005631    .0003232   1.242957 |
144. | 2016m12   -.0023538   -.0022154   1.002589   -.0000415    1.00712    .0014886   1.246421 |
145. |  2017m1   -.0006239    .0017299   1.002617    .0000281   1.007714    .0005945   1.234447 |
     |------------------------------------------------------------------------------------------|
146. |  2017m2   -.0001314    .0004925   1.002633    .0000155   1.007767    .0000529   1.248839 |
147. |  2017m3   -.0003925   -.0002611   1.002581   -.0000513   1.009286    .0015193   1.234429 |
148. |  2017m4   -.0005637   -.0001712   1.002554   -.0000271   1.009905    .0006191   1.264592 |
149. |  2017m5   -.0009913   -.0004275   1.002541   -.0000135   1.010114    .0002089    1.29228 |
150. |  2017m6   -.0005728    .0004185   1.002518   -.0000229   1.011714    .0015998   1.280759 |
     |------------------------------------------------------------------------------------------|
151. |  2017m7     .000198    .0007708   1.002536    .0000176    1.01228    .0005662   1.299631 |
152. |  2017m8    .0123282    .0121303   1.002511   -.0000248   1.012318    .0000374   1.307796 |
     +------------------------------------------------------------------------------------------+

. 
. gen x1p = x1 - 1

. gen x2p = x2 - 1

. graph twoway tsline y x1p x2p, legend(label(1 "Future - Spot") label(2 "Libor_GBP") label(3 "Libor_USD"))

. graph export "C:\Users\admin\Desktop\interest_parity_theory_model\eda.pdf"
(file C:\Users\admin\Desktop\interest_parity_theory_model\eda.pdf written in PDF format)

. 
. * regression analysis
. 
. reg y x1 x2

      Source |       SS           df       MS      Number of obs   =       152
-------------+----------------------------------   F(2, 149)       =      0.21
       Model |  3.9834e-06         2  1.9917e-06   Prob > F        =    0.8083
    Residual |  .001392298       149  9.3443e-06   R-squared       =    0.0029
-------------+----------------------------------   Adj R-squared   =   -0.0105
       Total |  .001396281       151  9.2469e-06   Root MSE        =    .00306

------------------------------------------------------------------------------
           y |      Coef.   Std. Err.      t    P>|t|     [95% Conf. Interval]
-------------+----------------------------------------------------------------
          x1 |  -.0203529   .0311779    -0.65   0.515    -.0819609    .0412551
          x2 |    .021958   .0358653     0.61   0.541    -.0489124    .0928283
       _cons |  -.0015906   .0134617    -0.12   0.906    -.0281911    .0250099
------------------------------------------------------------------------------

. 
. * ADF test
. 
. 
. dfuller y, trend

Dickey-Fuller test for unit root                   Number of obs   =       151

                               ---------- Interpolated Dickey-Fuller ---------
                  Test         1% Critical       5% Critical      10% Critical
               Statistic           Value             Value             Value
------------------------------------------------------------------------------
 Z(t)             -9.243            -4.023            -3.443            -3.143
------------------------------------------------------------------------------
MacKinnon approximate p-value for Z(t) = 0.0000

. dfuller D.y, trend

Dickey-Fuller test for unit root                   Number of obs   =       150

                               ---------- Interpolated Dickey-Fuller ---------
                  Test         1% Critical       5% Critical      10% Critical
               Statistic           Value             Value             Value
------------------------------------------------------------------------------
 Z(t)            -17.518            -4.023            -3.443            -3.143
------------------------------------------------------------------------------
MacKinnon approximate p-value for Z(t) = 0.0000

. dfuller x1, trend

Dickey-Fuller test for unit root                   Number of obs   =       151

                               ---------- Interpolated Dickey-Fuller ---------
                  Test         1% Critical       5% Critical      10% Critical
               Statistic           Value             Value             Value
------------------------------------------------------------------------------
 Z(t)             -0.906            -4.023            -3.443            -3.143
------------------------------------------------------------------------------
MacKinnon approximate p-value for Z(t) = 0.9555

. dfuller D.x1, trend

Dickey-Fuller test for unit root                   Number of obs   =       150

                               ---------- Interpolated Dickey-Fuller ---------
                  Test         1% Critical       5% Critical      10% Critical
               Statistic           Value             Value             Value
------------------------------------------------------------------------------
 Z(t)             -7.904            -4.023            -3.443            -3.143
------------------------------------------------------------------------------
MacKinnon approximate p-value for Z(t) = 0.0000

. dfuller x2, trend

Dickey-Fuller test for unit root                   Number of obs   =       151

                               ---------- Interpolated Dickey-Fuller ---------
                  Test         1% Critical       5% Critical      10% Critical
               Statistic           Value             Value             Value
------------------------------------------------------------------------------
 Z(t)             -0.886            -4.023            -3.443            -3.143
------------------------------------------------------------------------------
MacKinnon approximate p-value for Z(t) = 0.9577

. dfuller D.x2, trend

Dickey-Fuller test for unit root                   Number of obs   =       150

                               ---------- Interpolated Dickey-Fuller ---------
                  Test         1% Critical       5% Critical      10% Critical
               Statistic           Value             Value             Value
------------------------------------------------------------------------------
 Z(t)            -10.516            -4.023            -3.443            -3.143
------------------------------------------------------------------------------
MacKinnon approximate p-value for Z(t) = 0.0000

. 
. * VaR model
. 
. var y1 x1 x2, lags(1/2)

Vector autoregression

Sample:  2005m3 - 2017m8                        Number of obs     =        150
Log likelihood =   1823.732                     AIC               =  -24.03643
FPE            =   7.31e-15                     HQIC              =  -23.86519
Det(Sigma_ml)  =   5.52e-15                     SBIC              =  -23.61494

Equation           Parms      RMSE     R-sq      chi2     P>chi2
----------------------------------------------------------------
y1                    7     .033513   0.9739   5586.422   0.0000
x1                    7     .001982   0.9920   18654.72   0.0000
x2                    7     .002485   0.9837   9068.972   0.0000
----------------------------------------------------------------

------------------------------------------------------------------------------
             |      Coef.   Std. Err.      z    P>|z|     [95% Conf. Interval]
-------------+----------------------------------------------------------------
y1           |
          y1 |
         L1. |    1.23144   .0788947    15.61   0.000      1.07681    1.386071
         L2. |  -.2372992   .0842698    -2.82   0.005    -.4024649   -.0721336
             |
          x1 |
         L1. |  -.0028338   2.501028    -0.00   0.999    -4.904759    4.899091
         L2. |  -1.414776   2.276707    -0.62   0.534    -5.877041    3.047488
             |
          x2 |
         L1. |  -2.552233   2.084352    -1.22   0.221    -6.637488    1.533022
         L2. |   4.133828   2.013498     2.05   0.040     .1874454    8.080211
             |
       _cons |  -.1529138   .2232185    -0.69   0.493    -.5904141    .2845865
-------------+----------------------------------------------------------------
x1           |
          y1 |
         L1. |   .0163232   .0046666     3.50   0.000     .0071767    .0254696
         L2. |  -.0123102   .0049846    -2.47   0.014    -.0220798   -.0025406
             |
          x1 |
         L1. |   1.400267   .1479364     9.47   0.000     1.110317    1.690217
         L2. |  -.4961988   .1346678    -3.68   0.000    -.7601429   -.2322548
             |
          x2 |
         L1. |  -.2090081     .12329    -1.70   0.090    -.4506519    .0326358
         L2. |   .2745903   .1190989     2.31   0.021     .0411608    .5080199
             |
       _cons |   .0245585   .0132034     1.86   0.063    -.0013198    .0504367
-------------+----------------------------------------------------------------
x2           |
          y1 |
         L1. |   .0115882    .005849     1.98   0.048     .0001244     .023052
         L2. |  -.0113647   .0062475    -1.82   0.069    -.0236095      .00088
             |
          x1 |
         L1. |   .0719589   .1854171     0.39   0.698    -.2914519    .4353698
         L2. |  -.1079193   .1687868    -0.64   0.523    -.4387353    .2228968
             |
          x2 |
         L1. |   1.036134   .1545263     6.71   0.000     .7332684       1.339
         L2. |  -.0120527   .1492734    -0.08   0.936    -.3046232    .2805177
             |
       _cons |   .0118501   .0165486     0.72   0.474    -.0205846    .0442848
------------------------------------------------------------------------------

. 
. * Granger Causal Relation Test 
. 
. vargranger

   Granger causality Wald tests
  +------------------------------------------------------------------+
  |          Equation           Excluded |   chi2     df Prob > chi2 |
  |--------------------------------------+---------------------------|
  |                y1                 x1 |  9.7636     2    0.008    |
  |                y1                 x2 |  17.137     2    0.000    |
  |                y1                ALL |  18.111     4    0.001    |
  |--------------------------------------+---------------------------|
  |                x1                 y1 |  16.566     2    0.000    |
  |                x1                 x2 |  11.873     2    0.003    |
  |                x1                ALL |  37.591     4    0.000    |
  |--------------------------------------+---------------------------|
  |                x2                 y1 |   3.928     2    0.140    |
  |                x2                 x1 |  1.8416     2    0.398    |
  |                x2                ALL |  9.0357     4    0.060    |
  +------------------------------------------------------------------+

. 
. * Johansen Test
. 
. vecrank y x1 x2, lags(11) trend(constant)

                       Johansen tests for cointegration                        
Trend: constant                                         Number of obs =     141
Sample:  2005m12 - 2017m8                                        Lags =      11
-------------------------------------------------------------------------------
                                                         5%
maximum                                      trace    critical
  rank    parms       LL       eigenvalue  statistic    value
    0      93      2117.5912           .     41.4156    29.68
    1      98      2128.8915     0.14810     18.8152    15.41
    2      101     2134.6107     0.07792      7.3767     3.76
    3      102     2138.2991     0.05097
-------------------------------------------------------------------------------

. 
. log close
      name:  <unnamed>
       log:  C:\Users\admin\Desktop\interest_parity_theory_model\interest_parity_theory_model.log
  log type:  text
 closed on:  20 Jul 2019, 00:23:10
------------------------------------------------------------------------------------------------------------------
